{"C:\\Users\\Mugisha\\Desktop\\Futureproof\\Mugisha_React_Boilerplate\\src\\App.js": {"path":"C:\\Users\\Mugisha\\Desktop\\Futureproof\\Mugisha_React_Boilerplate\\src\\App.js","statementMap":{"0":{"start":{"line":3,"column":10},"end":{"line":3,"column":12}},"1":{"start":{"line":5,"column":4},"end":{"line":10,"column":6}}},"fnMap":{"0":{"name":"(anonymous_0)","decl":{"start":{"line":4,"column":2},"end":{"line":4,"column":3}},"loc":{"start":{"line":4,"column":11},"end":{"line":11,"column":3}},"line":4}},"branchMap":{},"s":{"0":1,"1":1},"f":{"0":1},"b":{},"_coverageSchema":"1a1c01bbd47fc00a2c39e90264f33305004495a9","hash":"9293cd2a66b9a2a7f1f1b398118ae3a1b56c54b2"}
}
